Restore Archived Project report for Part1
Sun May 17 18:47:02 2020
Quartus II 64-Bit Version 13.0.0 Build 156 04/24/2013 SJ Web Edition


---------------------
; Table of Contents ;
---------------------
  1. Legal Notice
  2. Restore Archived Project Summary
  3. Restore Archived Project Messages
  4. Files Restored
  5. Files Not Restored



----------------
; Legal Notice ;
----------------
Copyright (C) 1991-2013 Altera Corporation
Your use of Altera Corporation's design tools, logic functions 
and other software and tools, and its AMPP partner logic 
functions, and any output files from any of the foregoing 
(including device programming or simulation files), and any 
associated documentation or information are expressly subject 
to the terms and conditions of the Altera Program License 
Subscription Agreement, Altera MegaCore Function License 
Agreement, or other applicable license agreement, including, 
without limitation, that your use is for the sole purpose of 
programming logic devices manufactured by Altera and sold by 
Altera or its authorized distributors.  Please refer to the 
applicable agreement for further details.



+-------------------------------------------------------------------------+
; Restore Archived Project Summary                                        ;
+---------------------------------+---------------------------------------+
; Restore Archived Project Status ; Successful - Sun May 17 18:47:02 2020 ;
; Revision Name                   ; Part1                                 ;
; Top-level Entity Name           ; vga_sync                              ;
; Family                          ; Cyclone IV E                          ;
+---------------------------------+---------------------------------------+


+-----------------------------------+
; Restore Archived Project Messages ;
+-----------------------------------+
Info: Successfully restored 'C:/Users/angel/OneDrive - The University of Auckland/COMPSYS 305/Labs/Lab 2/Part1_tmp_archive.qar' into the 'C:/Users/angel/OneDrive - The University of Auckland/CS302/Part II/FPGA-Flappy-Bird/src/VGA_text' directory
Info: Generated report 'Part1.restore.rpt'


+--------------------------------------------------+
; Files Restored                                   ;
+--------------------------------------------------+
; File Name                                        ;
+--------------------------------------------------+
; Downloads/canvas.auckland.ac.nz/VGATestbench.vhd ;
; Part1.qpf                                        ;
; Part1.qsf                                        ;
; Schematic.bdf                                    ;
; altpll0.bsf                                      ;
; altpll0.cmp                                      ;
; altpll0.ppf                                      ;
; altpll0.qip                                      ;
; altpll0.vhd                                      ;
; altpll0_inst.vhd                                 ;
; incremental_db/compiled_partitions/Part1.db_info ;
; vga_sync.vhd                                     ;
; MiniProject/MiniprojectResources/ball.vhd        ;
; MiniProject/MiniprojectResources/bouncy_ball.vhd ;
; MiniProject/MiniprojectResources/char_rom.vhd    ;
; MiniProject/MiniprojectResources/mouse.vhd       ;
; assignment_defaults.qdf                          ;
+--------------------------------------------------+


+--------------------+
; Files Not Restored ;
+--------------------+
; File Name          ;
+--------------------+


